# Design: Design T22 already active.
# DESIGN: Default Design Language: VHDL
# DESIGN: Default BDE Language: VHDL
# DESIGN: Flow Manager: Not Defined
acom -reorder -O3 -e 100 -work T22 -2002  $dsn/src/T22.vhd
# Warning: DAGGEN_0523: The source is compiled without the -dbg switch. Line breakpoints and assertion debug will not be available.
# File: E:/_Project/System Digital/T22/T22/src/T22.vhd
# Compile Entity "T22"
# Compile Architecture "T22" of Entity "T22"
# Top-level unit(s) detected:
# Entity => T22
# Compile success 0 Errors 0 Warnings  Analysis time :  47.0 [ms]
# ELBREAD: Elaboration process.
# ELBREAD: Elaboration time 0.0 [s].
acom -O3 -e 100 -work T22 -2002  $dsn/src/TestBench/t22_TB.vhd
# Warning: DAGGEN_0523: The source is compiled without the -dbg switch. Line breakpoints and assertion debug will not be available.
# File: E:/_Project/System Digital/T22/T22/src/TestBench/t22_TB.vhd
# Compile Entity "t22_tb"
# Compile Architecture "TB_ARCHITECTURE" of Entity "t22_tb"
# Error: COMP96_0019: TestBench/t22_TB.vhd : (45, 5): Keyword 'process' expected.
# Error: COMP96_0019: TestBench/t22_TB.vhd : (47, 1): Keyword 'end' expected.
# Error: COMP96_0016: TestBench/t22_TB.vhd : (47, 15): Design unit declaration expected.
# Error: COMP96_0018: TestBench/t22_TB.vhd : (50, 8): Identifier expected.
# Error: COMP96_0016: TestBench/t22_TB.vhd : (50, 15): Design unit declaration expected.
# Compile failure 5 Errors 0 Warnings  Analysis time :  31.0 [ms]
acom -O3 -e 100 -work T22 -2002  $dsn/src/TestBench/t22_TB.vhd
# Warning: DAGGEN_0523: The source is compiled without the -dbg switch. Line breakpoints and assertion debug will not be available.
# File: E:/_Project/System Digital/T22/T22/src/TestBench/t22_TB.vhd
# Compile Entity "t22_tb"
# Compile Architecture "TB_ARCHITECTURE" of Entity "t22_tb"
# Compile Configuration "TESTBENCH_FOR_t22"
# Compile success 0 Errors 0 Warnings  Analysis time :  31.0 [ms]
SetActiveLib -work
comp -include "$dsn\src\T22.vhd" 
# Warning: DAGGEN_0523: The source is compiled without the -dbg switch. Line breakpoints and assertion debug will not be available.
# File: E:/_Project/System Digital/T22/T22/src/T22.vhd
# Compile Entity "T22"
# Compile Architecture "T22" of Entity "T22"
# Compile success 0 Errors 0 Warnings  Analysis time :  31.0 [ms]
comp -include "$dsn\src\TestBench\t22_TB.vhd" 
# Warning: DAGGEN_0523: The source is compiled without the -dbg switch. Line breakpoints and assertion debug will not be available.
# File: E:/_Project/System Digital/T22/T22/src/TestBench/t22_TB.vhd
# Compile Entity "t22_tb"
# Compile Architecture "TB_ARCHITECTURE" of Entity "t22_tb"
# Compile Configuration "TESTBENCH_FOR_t22"
# Compile success 0 Errors 0 Warnings  Analysis time :  15.0 [ms]
asim +access +r TESTBENCH_FOR_t22 
# ELBREAD: Elaboration process.
# ELBREAD: Elaboration time 0.0 [s].
# VSIM: Stack memory: 32MB
# VSIM: Retval memory: 32MB
# KERNEL: Main thread initiated.
# KERNEL: Kernel process initialization phase.
# ELAB2: Elaboration final pass...
# ELAB2: Create instances ...
# KERNEL: Time resolution set to 1ps.
# ELAB2: Create instances complete.
# SLP: Started
# SLP: Elaboration phase ...
# SLP: Elaboration phase ... skipped, nothing to simulate in SLP mode : 0.0 [s]
# SLP: Finished : 0.0 [s]
# ELAB2: Elaboration final pass complete - time: 0.0 [s].
# KERNEL: Kernel process initialization done.
# Allocation: Simulator allocated 5562 kB (elbread=427 elab2=4996 kernel=138 sdf=0)
# KERNEL: ASDB file was created in location E:\_Project\System Digital\T22\T22\src\wave.asdb
#  7:22 PM, Monday, April 18, 2022
#  Simulation has been initialized
wave 
wave -noreg input
wave -noreg output
# # The following lines can be used for timing simulation
# # acom <backannotated_vhdl_file_name>
# # comp -include "$dsn\src\TestBench\t22_TB_tim_cfg.vhd" 
# # asim +access +r TIMING_FOR_t22 
# 2 object(s) traced.
# Waveform file 'untitled.awc' connected to 'E:/_Project/System Digital/T22/T22/src/wave.asdb'.
run 100 ns
# KERNEL: stopped at time: 100 ns
# KERNEL: Simulation has finished. There are no more test vectors to simulate.
run 30ns
# KERNEL: stopped at time: 130 ns
# KERNEL: Simulation has finished. There are no more test vectors to simulate.
run 30
# KERNEL: stopped at time: 130030 ps
# KERNEL: Simulation has finished. There are no more test vectors to simulate.
run 130 
# KERNEL: stopped at time: 130160 ps
# KERNEL: Simulation has finished. There are no more test vectors to simulate.
endsim
# VSIM: Simulation has finished.
asim -O5 +access +r +m+testbench_for_t22 testbench_for_t22
# ELBREAD: Elaboration process.
# ELBREAD: Elaboration time 0.0 [s].
# VSIM: Stack memory: 32MB
# VSIM: Retval memory: 32MB
# KERNEL: Main thread initiated.
# KERNEL: Kernel process initialization phase.
# ELAB2: Elaboration final pass...
# ELAB2: Create instances ...
# KERNEL: Time resolution set to 1ps.
# ELAB2: Create instances complete.
# SLP: Started
# SLP: Elaboration phase ...
# SLP: Elaboration phase ... skipped, nothing to simulate in SLP mode : 0.0 [s]
# SLP: Finished : 0.0 [s]
# ELAB2: Elaboration final pass complete - time: 0.0 [s].
# KERNEL: Kernel process initialization done.
# Allocation: Simulator allocated 5562 kB (elbread=427 elab2=4996 kernel=138 sdf=0)
# KERNEL: ASDB file was created in location E:\_Project\System Digital\T22\T22\src\wave.asdb
#  7:23 PM, Monday, April 18, 2022
#  Simulation has been initialized
# Waveform file 'untitled.awc' connected to 'E:/_Project/System Digital/T22/T22/src/wave.asdb'.
run 30
# KERNEL: stopped at time: 30 ps
# KERNEL: Simulation has finished. There are no more test vectors to simulate.
SetActiveLib -work
comp -include "$dsn\src\T22.vhd" 
# Warning: DAGGEN_0523: The source is compiled without the -dbg switch. Line breakpoints and assertion debug will not be available.
# File: E:/_Project/System Digital/T22/T22/src/T22.vhd
# Compile Entity "T22"
# Compile Architecture "T22" of Entity "T22"
# Compile success 0 Errors 0 Warnings  Analysis time :  32.0 [ms]
comp -include "$dsn\src\TestBench\t22_TB.vhd" 
# Warning: DAGGEN_0523: The source is compiled without the -dbg switch. Line breakpoints and assertion debug will not be available.
# File: E:/_Project/System Digital/T22/T22/src/TestBench/t22_TB.vhd
# Compile Entity "t22_tb"
# Compile Architecture "TB_ARCHITECTURE" of Entity "t22_tb"
# Compile Configuration "TESTBENCH_FOR_t22"
# Compile success 0 Errors 0 Warnings  Analysis time :  32.0 [ms]
asim +access +r TESTBENCH_FOR_t22 
# VSIM: Simulation has finished.
# ELBREAD: Elaboration process.
# ELBREAD: Elaboration time 0.0 [s].
# VSIM: Stack memory: 32MB
# VSIM: Retval memory: 32MB
# KERNEL: Main thread initiated.
# KERNEL: Kernel process initialization phase.
# ELAB2: Elaboration final pass...
# ELAB2: Create instances ...
# KERNEL: Time resolution set to 1ps.
# ELAB2: Create instances complete.
# SLP: Started
# SLP: Elaboration phase ...
# SLP: Elaboration phase ... skipped, nothing to simulate in SLP mode : 0.0 [s]
# SLP: Finished : 0.0 [s]
# ELAB2: Elaboration final pass complete - time: 0.0 [s].
# KERNEL: Kernel process initialization done.
# Allocation: Simulator allocated 5562 kB (elbread=427 elab2=4996 kernel=138 sdf=0)
# KERNEL: ASDB file was created in location E:\_Project\System Digital\T22\T22\src\wave.asdb
#  7:24 PM, Monday, April 18, 2022
#  Simulation has been initialized
wave 
wave -noreg input
wave -noreg output
# # The following lines can be used for timing simulation
# # acom <backannotated_vhdl_file_name>
# # comp -include "$dsn\src\TestBench\t22_TB_tim_cfg.vhd" 
# # asim +access +r TIMING_FOR_t22 
# 2 object(s) traced.
# Waveform file 'untitled.awc' connected to 'E:/_Project/System Digital/T22/T22/src/wave.asdb'.
run 30
# KERNEL: stopped at time: 30 ps
# KERNEL: stopped at time: 30030 ps
# KERNEL: Simulation has finished. There are no more test vectors to simulate.
run 30 ns
# KERNEL: stopped at time: 60030 ps
# KERNEL: Simulation has finished. There are no more test vectors to simulate.
run
# KERNEL: Simulation has finished. There are no more test vectors to simulate.
SetActiveLib -work
comp -include "$dsn\src\T22.vhd" 
# Warning: DAGGEN_0523: The source is compiled without the -dbg switch. Line breakpoints and assertion debug will not be available.
# File: E:/_Project/System Digital/T22/T22/src/T22.vhd
# Compile Entity "T22"
# Compile Architecture "T22" of Entity "T22"
# Compile success 0 Errors 0 Warnings  Analysis time :  31.0 [ms]
comp -include "$dsn\src\TestBench\t22_TB.vhd" 
# Warning: DAGGEN_0523: The source is compiled without the -dbg switch. Line breakpoints and assertion debug will not be available.
# File: E:/_Project/System Digital/T22/T22/src/TestBench/t22_TB.vhd
# Compile Entity "t22_tb"
# Compile Architecture "TB_ARCHITECTURE" of Entity "t22_tb"
# Compile Configuration "TESTBENCH_FOR_t22"
# Compile success 0 Errors 0 Warnings  Analysis time :  16.0 [ms]
asim +access +r TESTBENCH_FOR_t22 
# VSIM: Simulation has finished.
# ELBREAD: Elaboration process.
# ELBREAD: Elaboration time 0.0 [s].
# VSIM: Stack memory: 32MB
# VSIM: Retval memory: 32MB
# KERNEL: Main thread initiated.
# KERNEL: Kernel process initialization phase.
# ELAB2: Elaboration final pass...
# ELAB2: Create instances ...
# KERNEL: Time resolution set to 1ps.
# ELAB2: Create instances complete.
# SLP: Started
# SLP: Elaboration phase ...
# SLP: Elaboration phase ... skipped, nothing to simulate in SLP mode : 0.0 [s]
# SLP: Finished : 0.0 [s]
# ELAB2: Elaboration final pass complete - time: 0.0 [s].
# KERNEL: Kernel process initialization done.
# Allocation: Simulator allocated 5562 kB (elbread=427 elab2=4996 kernel=138 sdf=0)
# KERNEL: ASDB file was created in location E:\_Project\System Digital\T22\T22\src\wave.asdb
#  7:24 PM, Monday, April 18, 2022
#  Simulation has been initialized
wave 
wave -noreg input
wave -noreg output
# # The following lines can be used for timing simulation
# # acom <backannotated_vhdl_file_name>
# # comp -include "$dsn\src\TestBench\t22_TB_tim_cfg.vhd" 
# # asim +access +r TIMING_FOR_t22 
# 2 object(s) traced.
# Waveform file 'untitled.awc' connected to 'E:/_Project/System Digital/T22/T22/src/wave.asdb'.
run
# KERNEL: Simulation has finished. There are no more test vectors to simulate.
SetActiveLib -work
comp -include "$dsn\src\T22.vhd" 
# Warning: DAGGEN_0523: The source is compiled without the -dbg switch. Line breakpoints and assertion debug will not be available.
# File: E:/_Project/System Digital/T22/T22/src/T22.vhd
# Compile Entity "T22"
# Compile Architecture "T22" of Entity "T22"
# Compile success 0 Errors 0 Warnings  Analysis time :  15.0 [ms]
comp -include "$dsn\src\TestBench\t22_TB.vhd" 
# Warning: DAGGEN_0523: The source is compiled without the -dbg switch. Line breakpoints and assertion debug will not be available.
# File: E:/_Project/System Digital/T22/T22/src/TestBench/t22_TB.vhd
# Compile Entity "t22_tb"
# Compile Architecture "TB_ARCHITECTURE" of Entity "t22_tb"
# Compile Configuration "TESTBENCH_FOR_t22"
# Compile success 0 Errors 0 Warnings  Analysis time :  16.0 [ms]
asim +access +r TESTBENCH_FOR_t22 
# VSIM: Simulation has finished.
# ELBREAD: Elaboration process.
# ELBREAD: Elaboration time 0.0 [s].
# VSIM: Stack memory: 32MB
# VSIM: Retval memory: 32MB
# KERNEL: Main thread initiated.
# KERNEL: Kernel process initialization phase.
# ELAB2: Elaboration final pass...
# ELAB2: Create instances ...
# KERNEL: Time resolution set to 1ps.
# ELAB2: Create instances complete.
# SLP: Started
# SLP: Elaboration phase ...
# SLP: Elaboration phase ... skipped, nothing to simulate in SLP mode : 0.0 [s]
# SLP: Finished : 0.0 [s]
# ELAB2: Elaboration final pass complete - time: 0.0 [s].
# KERNEL: Kernel process initialization done.
# Allocation: Simulator allocated 5562 kB (elbread=427 elab2=4996 kernel=138 sdf=0)
# KERNEL: ASDB file was created in location E:\_Project\System Digital\T22\T22\src\wave.asdb
#  7:25 PM, Monday, April 18, 2022
#  Simulation has been initialized
wave 
wave -noreg input
wave -noreg output
# # The following lines can be used for timing simulation
# # acom <backannotated_vhdl_file_name>
# # comp -include "$dsn\src\TestBench\t22_TB_tim_cfg.vhd" 
# # asim +access +r TIMING_FOR_t22 
# 2 object(s) traced.
# Waveform file 'untitled.awc' connected to 'E:/_Project/System Digital/T22/T22/src/wave.asdb'.
run 100 ns
# KERNEL: stopped at time: 100 ns
# KERNEL: Simulation has finished. There are no more test vectors to simulate.
# Waveform file 'E:/_Project/SystemDigital/T22/T22/src/untitled.awc' connected to 'E:/_Project/SystemDigital/T22/T22/src/untitled.asdb'.
# Adding file E:\_Project\SystemDigital\T22\T22\src\untitled.asdb ... Done
# Adding file E:\_Project\SystemDigital\T22\T22\src\untitled.awc ... Done
# Adding file E:\_Project\SystemDigital\T22\T22\src\untitled.awc ... Done
