Active-HDL 12.0.118.7745 2022-04-25 00:16:01

Elaboration top modules:
VHDL Configuration            testbench_for_t23


----------------------------------------------------------------------------------------------
Entity   | Architecture    | Library | Info | Compiler Version          | Compilation Options
----------------------------------------------------------------------------------------------
t23_tb   | TB_ARCHITECTURE | t23     |      | 12.0.118.7745 (Windows64) | -O3
T23      | T23             | t23     |      | 12.0.118.7745 (Windows64) | -O3
----------------------------------------------------------------------------------------------

----------------------------------------------------------------------------------------------
VHDL Configuration         | Library | Info | Compiler Version          | Compilation Options
----------------------------------------------------------------------------------------------
testbench_for_t23          | t23     |      |                           | <unavailable>
----------------------------------------------------------------------------------------------

----------------------------------------------------------------------------------------------
VHDL Package               | Library | Info | Compiler Version          | Compilation Options
----------------------------------------------------------------------------------------------
standard                   | std     |      |                           | <unavailable>
TEXTIO                     | std     |      |                           | <unavailable>
std_logic_1164             | ieee    |      |                           | <unavailable>
NUMERIC_STD                | ieee    |      |                           | <unavailable>
std_logic_arith            | ieee    |      |                           | <unavailable>
STD_LOGIC_UNSIGNED         | ieee    |      |                           | <unavailable>
----------------------------------------------------------------------------------------------

----------------------------------------------------------------------------------------------
Library                    | Comment
----------------------------------------------------------------------------------------------
ieee                       | Standard IEEE packages library
std                        | Standard VHDL library
t23                        | None
----------------------------------------------------------------------------------------------
