Active-HDL 12.0.118.7745 2022-05-08 23:09:45

Elaboration top modules:
VHDL Configuration            testbench_for_t32


----------------------------------------------------------------------------------------------
Entity   | Architecture    | Library | Info | Compiler Version          | Compilation Options
----------------------------------------------------------------------------------------------
t32_tb   | TB_ARCHITECTURE | T32     |      | 12.0.118.7745 (Windows64) | -O3
T32      | T32             | T32     |      | 12.0.118.7745 (Windows64) | -O3
----------------------------------------------------------------------------------------------

----------------------------------------------------------------------------------------------
VHDL Configuration         | Library | Info | Compiler Version          | Compilation Options
----------------------------------------------------------------------------------------------
testbench_for_t32          | T32     |      |                           | <unavailable>
----------------------------------------------------------------------------------------------

----------------------------------------------------------------------------------------------
VHDL Package               | Library | Info | Compiler Version          | Compilation Options
----------------------------------------------------------------------------------------------
standard                   | std     |      |                           | <unavailable>
TEXTIO                     | std     |      |                           | <unavailable>
std_logic_1164             | ieee    |      |                           | <unavailable>
NUMERIC_STD                | ieee    |      |                           | <unavailable>
----------------------------------------------------------------------------------------------

----------------------------------------------------------------------------------------------
Library                    | Comment
----------------------------------------------------------------------------------------------
ieee                       | Standard IEEE packages library
std                        | Standard VHDL library
T32                        | None
----------------------------------------------------------------------------------------------


Simulation Options: asim +access +r TESTBENCH_FOR_t32

