Active-HDL 12.0.118.7745 2022-05-09 00:41:35

Elaboration top modules:
VHDL Configuration            testbench_for_t33


----------------------------------------------------------------------------------------------
Entity   | Architecture    | Library | Info | Compiler Version          | Compilation Options
----------------------------------------------------------------------------------------------
t33_tb   | TB_ARCHITECTURE | T33     |      | 12.0.118.7745 (Windows64) | -O3
T33      | T33             | T33     |      | 12.0.118.7745 (Windows64) | -O3
----------------------------------------------------------------------------------------------

----------------------------------------------------------------------------------------------
VHDL Configuration         | Library | Info | Compiler Version          | Compilation Options
----------------------------------------------------------------------------------------------
testbench_for_t33          | T33     |      |                           | <unavailable>
----------------------------------------------------------------------------------------------

----------------------------------------------------------------------------------------------
VHDL Package               | Library | Info | Compiler Version          | Compilation Options
----------------------------------------------------------------------------------------------
standard                   | std     |      |                           | <unavailable>
TEXTIO                     | std     |      |                           | <unavailable>
std_logic_1164             | ieee    |      |                           | <unavailable>
NUMERIC_STD                | ieee    |      |                           | <unavailable>
----------------------------------------------------------------------------------------------

----------------------------------------------------------------------------------------------
Library                    | Comment
----------------------------------------------------------------------------------------------
ieee                       | Standard IEEE packages library
std                        | Standard VHDL library
T33                        | None
----------------------------------------------------------------------------------------------


Simulation Options: asim +access +r TESTBENCH_FOR_t33

