Active-HDL 12.0.118.7745 2022-05-25 22:33:17

Elaboration top modules:
VHDL Configuration            testbench_for_t42


----------------------------------------------------------------------------------------------
Entity   | Architecture    | Library | Info | Compiler Version          | Compilation Options
----------------------------------------------------------------------------------------------
t42_tb   | TB_ARCHITECTURE | T42     |      | 12.0.118.7745 (Windows64) | -O3
T42      | T42             | T42     |      | 12.0.118.7745 (Windows64) | -O3
----------------------------------------------------------------------------------------------

----------------------------------------------------------------------------------------------
VHDL Configuration         | Library | Info | Compiler Version          | Compilation Options
----------------------------------------------------------------------------------------------
testbench_for_t42          | T42     |      |                           | <unavailable>
----------------------------------------------------------------------------------------------

----------------------------------------------------------------------------------------------
VHDL Package               | Library | Info | Compiler Version          | Compilation Options
----------------------------------------------------------------------------------------------
standard                   | std     |      |                           | <unavailable>
TEXTIO                     | std     |      |                           | <unavailable>
std_logic_1164             | ieee    |      |                           | <unavailable>
----------------------------------------------------------------------------------------------

----------------------------------------------------------------------------------------------
Library                    | Comment
----------------------------------------------------------------------------------------------
ieee                       | Standard IEEE packages library
std                        | Standard VHDL library
T42                        | None
----------------------------------------------------------------------------------------------


Simulation Options: asim +access +r TESTBENCH_FOR_t42

